# JRE version: OpenJDK Runtime Environment (8.0_152-b06) (build 1.8.0_152-release-1136-b06)
# Java VM: OpenJDK 64-Bit Server VM (25.152-b06 mixed mode windows-amd64 compressed oops)
Heap:
 par new generation   total 78656K, used 10727K [0x00000000b0000000, 0x00000000b5550000, 0x00000000caaa0000)
  eden space 69952K,   4% used [0x00000000b0000000, 0x00000000b02d8410, 0x00000000b4450000)
  from space 8704K,  89% used [0x00000000b4cd0000, 0x00000000b54719c8, 0x00000000b5550000)
  to   space 8704K,   0% used [0x00000000b4450000, 0x00000000b4450000, 0x00000000b4cd0000)
 concurrent mark-sweep generation total 605300K, used 460085K [0x00000000caaa0000, 0x00000000ef9bd000, 0x0000000100000000)
 Metaspace       used 297711K, capacity 315104K, committed 315372K, reserved 1323008K
  class space    used 38887K, capacity 42032K, committed 42040K, reserved 1048576K
GC Heap History (10 events):
Event: 2943.548 GC heap before
{Heap before GC invocations=136 (full 14):
 par new generation   total 78656K, used 75464K [0x00000000b0000000, 0x00000000b5550000, 0x00000000caaa0000)
  eden space 69952K, 100% used [0x00000000b0000000, 0x00000000b4450000, 0x00000000b4450000)
  from space 8704K,  63% used [0x00000000b4450000, 0x00000000b49b22c8, 0x00000000b4cd0000)
  to   space 8704K,   0% used [0x00000000b4cd0000, 0x00000000b4cd0000, 0x00000000b5550000)
 concurrent mark-sweep generation total 605300K, used 449523K [0x00000000caaa0000, 0x00000000ef9bd000, 0x0000000100000000)
 Metaspace       used 294415K, capacity 311480K, committed 312300K, reserved 1320960K
  class space    used 38509K, capacity 41666K, committed 41784K, reserved 1048576K
Event: 2943.554 GC heap after
Heap after GC invocations=137 (full 14):
 par new generation   total 78656K, used 8704K [0x00000000b0000000, 0x00000000b5550000, 0x00000000caaa0000)
  eden space 69952K,   0% used [0x00000000b0000000, 0x00000000b0000000, 0x00000000b4450000)
  from space 8704K, 100% used [0x00000000b4cd0000, 0x00000000b5550000, 0x00000000b5550000)
  to   space 8704K,   0% used [0x00000000b4450000, 0x00000000b4450000, 0x00000000b4cd0000)
 concurrent mark-sweep generation total 605300K, used 450770K [0x00000000caaa0000, 0x00000000ef9bd000, 0x0000000100000000)
 Metaspace       used 294415K, capacity 311480K, committed 312300K, reserved 1320960K
  class space    used 38509K, capacity 41666K, committed 41784K, reserved 1048576K
}
Event: 2945.209 GC heap before
{Heap before GC invocations=137 (full 14):
 par new generation   total 78656K, used 78656K [0x00000000b0000000, 0x00000000b5550000, 0x00000000caaa0000)
  eden space 69952K, 100% used [0x00000000b0000000, 0x00000000b4450000, 0x00000000b4450000)
  from space 8704K, 100% used [0x00000000b4cd0000, 0x00000000b5550000, 0x00000000b5550000)
  to   space 8704K,   0% used [0x00000000b4450000, 0x00000000b4450000, 0x00000000b4cd0000)
 concurrent mark-sweep generation total 605300K, used 450770K [0x00000000caaa0000, 0x00000000ef9bd000, 0x0000000100000000)
 Metaspace       used 294555K, capacity 311650K, committed 312556K, reserved 1320960K
  class space    used 38513K, capacity 41673K, committed 41784K, reserved 1048576K
Event: 2945.234 GC heap after
Heap after GC invocations=138 (full 14):
 par new generation   total 78656K, used 6646K [0x00000000b0000000, 0x00000000b5550000, 0x00000000caaa0000)
  eden space 69952K,   0% used [0x00000000b0000000, 0x00000000b0000000, 0x00000000b4450000)
  from space 8704K,  76% used [0x00000000b4450000, 0x00000000b4acdbf0, 0x00000000b4cd0000)
  to   space 8704K,   0% used [0x00000000b4cd0000, 0x00000000b4cd0000, 0x00000000b5550000)
 concurrent mark-sweep generation total 605300K, used 458756K [0x00000000caaa0000, 0x00000000ef9bd000, 0x0000000100000000)
 Metaspace       used 294555K, capacity 311650K, committed 312556K, reserved 1320960K
  class space    used 38513K, capacity 41673K, committed 41784K, reserved 1048576K
}
Event: 2949.618 GC heap before
{Heap before GC invocations=138 (full 14):
 par new generation   total 78656K, used 76598K [0x00000000b0000000, 0x00000000b5550000, 0x00000000caaa0000)
  eden space 69952K, 100% used [0x00000000b0000000, 0x00000000b4450000, 0x00000000b4450000)
  from space 8704K,  76% used [0x00000000b4450000, 0x00000000b4acdbf0, 0x00000000b4cd0000)
  to   space 8704K,   0% used [0x00000000b4cd0000, 0x00000000b4cd0000, 0x00000000b5550000)
 concurrent mark-sweep generation total 605300K, used 458756K [0x00000000caaa0000, 0x00000000ef9bd000, 0x0000000100000000)
 Metaspace       used 294664K, capacity 311718K, committed 312556K, reserved 1320960K
  class space    used 38513K, capacity 41673K, committed 41784K, reserved 1048576K
Event: 2949.623 GC heap after
Heap after GC invocations=139 (full 14):
 par new generation   total 78656K, used 2161K [0x00000000b0000000, 0x00000000b5550000, 0x00000000caaa0000)
  eden space 69952K,   0% used [0x00000000b0000000, 0x00000000b0000000, 0x00000000b4450000)
  from space 8704K,  24% used [0x00000000b4cd0000, 0x00000000b4eec5e0, 0x00000000b5550000)
  to   space 8704K,   0% used [0x00000000b4450000, 0x00000000b4450000, 0x00000000b4cd0000)
 concurrent mark-sweep generation total 605300K, used 458756K [0x00000000caaa0000, 0x00000000ef9bd000, 0x0000000100000000)
 Metaspace       used 294664K, capacity 311718K, committed 312556K, reserved 1320960K
  class space    used 38513K, capacity 41673K, committed 41784K, reserved 1048576K
}
Event: 2954.977 GC heap before
{Heap before GC invocations=139 (full 14):
 par new generation   total 78656K, used 72113K [0x00000000b0000000, 0x00000000b5550000, 0x00000000caaa0000)
  eden space 69952K, 100% used [0x00000000b0000000, 0x00000000b4450000, 0x00000000b4450000)
  from space 8704K,  24% used [0x00000000b4cd0000, 0x00000000b4eec5e0, 0x00000000b5550000)
  to   space 8704K,   0% used [0x00000000b4450000, 0x00000000b4450000, 0x00000000b4cd0000)
 concurrent mark-sweep generation total 605300K, used 458756K [0x00000000caaa0000, 0x00000000ef9bd000, 0x0000000100000000)
 Metaspace       used 297047K, capacity 314310K, committed 314860K, reserved 1323008K
  class space    used 38806K, capacity 41947K, committed 42040K, reserved 1048576K
Event: 2954.982 GC heap after
Heap after GC invocations=140 (full 14):
 par new generation   total 78656K, used 5551K [0x00000000b0000000, 0x00000000b5550000, 0x00000000caaa0000)
  eden space 69952K,   0% used [0x00000000b0000000, 0x00000000b0000000, 0x00000000b4450000)
  from space 8704K,  63% used [0x00000000b4450000, 0x00000000b49bbe60, 0x00000000b4cd0000)
  to   space 8704K,   0% used [0x00000000b4cd0000, 0x00000000b4cd0000, 0x00000000b5550000)
 concurrent mark-sweep generation total 605300K, used 458756K [0x00000000caaa0000, 0x00000000ef9bd000, 0x0000000100000000)
 Metaspace       used 297047K, capacity 314310K, committed 314860K, reserved 1323008K
  class space    used 38806K, capacity 41947K, committed 42040K, reserved 1048576K
}
Event: 2962.168 GC heap before
{Heap before GC invocations=140 (full 14):
 par new generation   total 78656K, used 75503K [0x00000000b0000000, 0x00000000b5550000, 0x00000000caaa0000)
  eden space 69952K, 100% used [0x00000000b0000000, 0x00000000b4450000, 0x00000000b4450000)
  from space 8704K,  63% used [0x00000000b4450000, 0x00000000b49bbe60, 0x00000000b4cd0000)
  to   space 8704K,   0% used [0x00000000b4cd0000, 0x00000000b4cd0000, 0x00000000b5550000)
 concurrent mark-sweep generation total 605300K, used 458756K [0x00000000caaa0000, 0x00000000ef9bd000, 0x0000000100000000)
 Metaspace       used 297690K, capacity 315036K, committed 315372K, reserved 1323008K
  class space    used 38887K, capacity 42032K, committed 42040K, reserved 1048576K
Event: 2962.173 GC heap after
Heap after GC invocations=141 (full 14):
 par new generation   total 78656K, used 7814K [0x00000000b0000000, 0x00000000b5550000, 0x00000000caaa0000)
  eden space 69952K,   0% used [0x00000000b0000000, 0x00000000b0000000, 0x00000000b4450000)
  from space 8704K,  89% used [0x00000000b4cd0000, 0x00000000b54719c8, 0x00000000b5550000)
  to   space 8704K,   0% used [0x00000000b4450000, 0x00000000b4450000, 0x00000000b4cd0000)
 concurrent mark-sweep generation total 605300K, used 460085K [0x00000000caaa0000, 0x00000000ef9bd000, 0x0000000100000000)
 Metaspace       used 297690K, capacity 315036K, committed 315372K, reserved 1323008K
  class space    used 38887K, capacity 42032K, committed 42040K, reserved 1048576K
}

